<?xml version="1.0" encoding="UTF-8"?>
<!-- Generated by org.testng.reporters.JUnitXMLReporter -->
<testsuite ignored="0" hostname="DESKTOP-R8CT5U1" failures="0" tests="2" name="FirefoxTest" time="39.368" errors="0" timestamp="2025-07-28T23:29:01 IST">
  <testcase classname="testscript5.ManageFooterTextTest" name="validateupdatebuttonisDisplayed" time="6.415"/>
  <testcase classname="testscript5.ManageFooterTextTest" name="validateuserisabletomanageFooterText" time="4.031"/>
</testsuite> <!-- FirefoxTest -->
