<?xml version="1.0" encoding="UTF-8"?>
<testng-results ignored="0" total="2" passed="2" failed="0" skipped="0">
  <reporter-output>
  </reporter-output>
  <suite started-at="2025-07-30T21:45:28 IST" name="Suite" finished-at="2025-07-30T21:46:02 IST" duration-ms="34052">
    <groups>
    </groups>
    <test started-at="2025-07-30T21:45:28 IST" name="Test" finished-at="2025-07-30T21:46:02 IST" duration-ms="34052">
      <class name="testscript5.AdminusersUpdateTest">
        <test-method is-config="true" signature="browserInitialization(java.lang.String)[pri:0, instance:testscript5.AdminusersUpdateTest@17fc391b]" started-at="2025-07-30T21:45:28 IST" name="browserInitialization" finished-at="2025-07-30T21:45:40 IST" duration-ms="11596" status="PASS">
          <params>
            <param index="0">
              <value>
                <![CDATA[chrome]]>
              </value>
            </param>
          </params>
          <reporter-output>
          </reporter-output>
        </test-method> <!-- browserInitialization -->
        <test-method signature="validateadminusersisabletoUpdate()[pri:0, instance:testscript5.AdminusersUpdateTest@17fc391b]" started-at="2025-07-30T21:45:40 IST" name="validateadminusersisabletoUpdate" finished-at="2025-07-30T21:45:49 IST" duration-ms="8996" status="PASS">
          <reporter-output>
          </reporter-output>
        </test-method> <!-- validateadminusersisabletoUpdate -->
        <test-method is-config="true" signature="driverQuit()[pri:0, instance:testscript5.AdminusersUpdateTest@17fc391b]" started-at="2025-07-30T21:45:49 IST" name="driverQuit" finished-at="2025-07-30T21:45:50 IST" duration-ms="1202" status="PASS">
          <reporter-output>
          </reporter-output>
        </test-method> <!-- driverQuit -->
        <test-method is-config="true" signature="browserInitialization(java.lang.String)[pri:0, instance:testscript5.AdminusersUpdateTest@17fc391b]" started-at="2025-07-30T21:45:50 IST" name="browserInitialization" finished-at="2025-07-30T21:45:56 IST" duration-ms="6188" status="PASS">
          <params>
            <param index="0">
              <value>
                <![CDATA[chrome]]>
              </value>
            </param>
          </params>
          <reporter-output>
          </reporter-output>
        </test-method> <!-- browserInitialization -->
        <test-method signature="validateadminusersupdatebuttonisVisible()[pri:0, instance:testscript5.AdminusersUpdateTest@17fc391b]" started-at="2025-07-30T21:45:56 IST" name="validateadminusersupdatebuttonisVisible" finished-at="2025-07-30T21:46:02 IST" duration-ms="5464" status="PASS">
          <reporter-output>
          </reporter-output>
        </test-method> <!-- validateadminusersupdatebuttonisVisible -->
        <test-method is-config="true" signature="driverQuit()[pri:0, instance:testscript5.AdminusersUpdateTest@17fc391b]" started-at="2025-07-30T21:46:02 IST" name="driverQuit" finished-at="2025-07-30T21:46:02 IST" duration-ms="539" status="PASS">
          <reporter-output>
          </reporter-output>
        </test-method> <!-- driverQuit -->
      </class> <!-- testscript5.AdminusersUpdateTest -->
    </test> <!-- Test -->
  </suite> <!-- Suite -->
</testng-results>
