<?xml version="1.0" encoding="UTF-8"?>
<!-- Generated by org.testng.reporters.JUnitXMLReporter -->
<testsuite ignored="3" hostname="DESKTOP-R8CT5U1" failures="0" tests="1" name="Test" time="12.769" errors="0" timestamp="2025-07-30T13:01:14 IST">
  <testcase classname="testscript5.LoginTest" name="validateuserisabletologinwithvalidCredentials" time="4.436"/>
  <testcase classname="testscript5.LoginTest" name="validateuserisabletologinwithInvalidUsername" time="0.0">
    <ignored/>
  </testcase> <!-- validateuserisabletologinwithInvalidUsername -->
  <testcase classname="testscript5.LoginTest" name="verifyuserisabletologinwithInvalidUsernameandInvalidPassword" time="0.0">
    <ignored/>
  </testcase> <!-- verifyuserisabletologinwithInvalidUsernameandInvalidPassword -->
  <testcase classname="testscript5.LoginTest" name="verifyuserisabletologinwithInvalidPassword" time="0.0">
    <ignored/>
  </testcase> <!-- verifyuserisabletologinwithInvalidPassword -->
</testsuite> <!-- Test -->
