<?xml version="1.0" encoding="UTF-8"?>
<!-- Generated by org.testng.reporters.JUnitXMLReporter -->
<testsuite ignored="0" hostname="DESKTOP-R8CT5U1" failures="0" tests="2" name="FirefoxTest" time="42.687" errors="0" timestamp="2025-07-28T23:30:06 IST">
  <testcase classname="testscript5.ManageFooterTextTest" name="validateupdatebuttonisDisplayed" time="3.98"/>
  <testcase classname="testscript5.ManageFooterTextTest" name="validateuserisabletomanageFooterText" time="4.516"/>
</testsuite> <!-- FirefoxTest -->
