<?xml version="1.0" encoding="UTF-8"?>
<!-- Generated by org.testng.reporters.JUnitXMLReporter -->
<testsuite ignored="1" hostname="DESKTOP-R8CT5U1" failures="0" tests="1" name="ChromeTest" time="10.703" errors="0" timestamp="2025-07-28T23:58:08 IST">
  <testcase classname="testscript5.ManageFooterTextTest" name="validateupdatebuttonisDisplayed" time="4.629"/>
  <testcase classname="testscript5.ManageFooterTextTest" name="validateuserisabletomanageFooterText" time="0.0">
    <ignored/>
  </testcase> <!-- validateuserisabletomanageFooterText -->
</testsuite> <!-- ChromeTest -->
