<?xml version="1.0" encoding="UTF-8"?>
<testng-results ignored="1" total="8" passed="7" failed="0" skipped="0">
  <reporter-output>
  </reporter-output>
  <suite started-at="2025-07-30T22:15:21 IST" name="Suite" finished-at="2025-07-30T22:16:23 IST" duration-ms="61518">
    <groups>
      <group name="regression">
        <method signature="LoginTest.validateuserisabletologinwithvalidCredentials()[pri:0, instance:testscript5.LoginTest@1df8b5b8]" name="validateuserisabletologinwithvalidCredentials" class="testscript5.LoginTest"/>
      </group> <!-- regression -->
    </groups>
    <test started-at="2025-07-30T22:15:21 IST" name="Test" finished-at="2025-07-30T22:16:23 IST" duration-ms="61518">
      <class name="testscript5.AdminusersTest">
        <test-method is-config="true" signature="browserInitialization(java.lang.String)[pri:0, instance:testscript5.AdminusersTest@6531a794]" started-at="2025-07-30T22:15:21 IST" name="browserInitialization" finished-at="2025-07-30T22:15:30 IST" duration-ms="8674" status="PASS">
          <params>
            <param index="0">
              <value>
                <![CDATA[chrome]]>
              </value>
            </param>
          </params>
          <reporter-output>
          </reporter-output>
        </test-method> <!-- browserInitialization -->
        <test-method signature="validateuserisabletoaddAdmin()[pri:0, instance:testscript5.AdminusersTest@6531a794]" started-at="2025-07-30T22:15:30 IST" name="validateuserisabletoaddAdmin" finished-at="2025-07-30T22:15:39 IST" duration-ms="9002" status="PASS">
          <reporter-output>
          </reporter-output>
        </test-method> <!-- validateuserisabletoaddAdmin -->
        <test-method is-config="true" signature="driverQuit()[pri:0, instance:testscript5.AdminusersTest@6531a794]" started-at="2025-07-30T22:15:39 IST" name="driverQuit" finished-at="2025-07-30T22:15:40 IST" duration-ms="672" status="PASS">
          <reporter-output>
          </reporter-output>
        </test-method> <!-- driverQuit -->
      </class> <!-- testscript5.AdminusersTest -->
      <class name="testscript5.LoginTest">
        <test-method is-config="true" signature="browserInitialization(java.lang.String)[pri:0, instance:testscript5.LoginTest@1df8b5b8]" started-at="2025-07-30T22:15:40 IST" name="browserInitialization" finished-at="2025-07-30T22:15:44 IST" duration-ms="4620" status="PASS">
          <params>
            <param index="0">
              <value>
                <![CDATA[chrome]]>
              </value>
            </param>
          </params>
          <reporter-output>
          </reporter-output>
        </test-method> <!-- browserInitialization -->
        <test-method signature="validateuserisabletologinwithInvalidUsername()[pri:0, instance:testscript5.LoginTest@1df8b5b8]" started-at="2025-07-30T22:15:44 IST" name="validateuserisabletologinwithInvalidUsername" finished-at="2025-07-30T22:15:46 IST" duration-ms="1207" status="PASS">
          <reporter-output>
          </reporter-output>
        </test-method> <!-- validateuserisabletologinwithInvalidUsername -->
        <test-method is-config="true" signature="driverQuit()[pri:0, instance:testscript5.LoginTest@1df8b5b8]" started-at="2025-07-30T22:15:46 IST" name="driverQuit" finished-at="2025-07-30T22:15:46 IST" duration-ms="643" status="PASS">
          <reporter-output>
          </reporter-output>
        </test-method> <!-- driverQuit -->
        <test-method is-config="true" signature="browserInitialization(java.lang.String)[pri:0, instance:testscript5.LoginTest@1df8b5b8]" started-at="2025-07-30T22:15:46 IST" name="browserInitialization" finished-at="2025-07-30T22:15:50 IST" duration-ms="3956" status="PASS">
          <params>
            <param index="0">
              <value>
                <![CDATA[chrome]]>
              </value>
            </param>
          </params>
          <reporter-output>
          </reporter-output>
        </test-method> <!-- browserInitialization -->
        <test-method signature="validateuserisabletologinwithvalidCredentials()[pri:0, instance:testscript5.LoginTest@1df8b5b8]" started-at="2025-07-30T22:15:50 IST" name="validateuserisabletologinwithvalidCredentials" finished-at="2025-07-30T22:15:52 IST" duration-ms="1861" status="PASS">
          <reporter-output>
          </reporter-output>
        </test-method> <!-- validateuserisabletologinwithvalidCredentials -->
        <test-method is-config="true" signature="driverQuit()[pri:0, instance:testscript5.LoginTest@1df8b5b8]" started-at="2025-07-30T22:15:52 IST" name="driverQuit" finished-at="2025-07-30T22:15:53 IST" duration-ms="614" status="PASS">
          <reporter-output>
          </reporter-output>
        </test-method> <!-- driverQuit -->
        <test-method is-config="true" signature="browserInitialization(java.lang.String)[pri:0, instance:testscript5.LoginTest@1df8b5b8]" started-at="2025-07-30T22:15:53 IST" name="browserInitialization" finished-at="2025-07-30T22:15:56 IST" duration-ms="3444" status="PASS">
          <params>
            <param index="0">
              <value>
                <![CDATA[chrome]]>
              </value>
            </param>
          </params>
          <reporter-output>
          </reporter-output>
        </test-method> <!-- browserInitialization -->
        <test-method signature="verifyuserisabletologinwithInvalidPassword()[pri:0, instance:testscript5.LoginTest@1df8b5b8]" started-at="2025-07-30T22:15:56 IST" name="verifyuserisabletologinwithInvalidPassword" finished-at="2025-07-30T22:15:57 IST" duration-ms="1217" status="PASS">
          <reporter-output>
          </reporter-output>
        </test-method> <!-- verifyuserisabletologinwithInvalidPassword -->
        <test-method is-config="true" signature="driverQuit()[pri:0, instance:testscript5.LoginTest@1df8b5b8]" started-at="2025-07-30T22:15:57 IST" name="driverQuit" finished-at="2025-07-30T22:15:58 IST" duration-ms="576" status="PASS">
          <reporter-output>
          </reporter-output>
        </test-method> <!-- driverQuit -->
        <test-method is-config="true" signature="browserInitialization(java.lang.String)[pri:0, instance:testscript5.LoginTest@1df8b5b8]" started-at="2025-07-30T22:15:58 IST" name="browserInitialization" finished-at="2025-07-30T22:16:02 IST" duration-ms="3508" status="PASS">
          <params>
            <param index="0">
              <value>
                <![CDATA[chrome]]>
              </value>
            </param>
          </params>
          <reporter-output>
          </reporter-output>
        </test-method> <!-- browserInitialization -->
        <test-method signature="verifyuserisabletologinwithInvalidUsernameandInvalidPassword()[pri:0, instance:testscript5.LoginTest@1df8b5b8]" started-at="2025-07-30T22:16:02 IST" name="verifyuserisabletologinwithInvalidUsernameandInvalidPassword" finished-at="2025-07-30T22:16:03 IST" duration-ms="1182" status="PASS">
          <reporter-output>
          </reporter-output>
        </test-method> <!-- verifyuserisabletologinwithInvalidUsernameandInvalidPassword -->
        <test-method is-config="true" signature="driverQuit()[pri:0, instance:testscript5.LoginTest@1df8b5b8]" started-at="2025-07-30T22:16:03 IST" name="driverQuit" finished-at="2025-07-30T22:16:03 IST" duration-ms="552" status="PASS">
          <reporter-output>
          </reporter-output>
        </test-method> <!-- driverQuit -->
      </class> <!-- testscript5.LoginTest -->
      <class name="testscript5.AdminusersUpdateTest">
        <test-method is-config="true" signature="browserInitialization(java.lang.String)[pri:0, instance:testscript5.AdminusersUpdateTest@23202fce]" started-at="2025-07-30T22:16:03 IST" name="browserInitialization" finished-at="2025-07-30T22:16:07 IST" duration-ms="3515" status="PASS">
          <params>
            <param index="0">
              <value>
                <![CDATA[chrome]]>
              </value>
            </param>
          </params>
          <reporter-output>
          </reporter-output>
        </test-method> <!-- browserInitialization -->
        <test-method signature="validateadminusersisabletoUpdate()[pri:0, instance:testscript5.AdminusersUpdateTest@23202fce]" started-at="2025-07-30T22:16:07 IST" name="validateadminusersisabletoUpdate" finished-at="2025-07-30T22:16:13 IST" duration-ms="6610" status="PASS">
          <reporter-output>
          </reporter-output>
        </test-method> <!-- validateadminusersisabletoUpdate -->
        <test-method is-config="true" signature="driverQuit()[pri:0, instance:testscript5.AdminusersUpdateTest@23202fce]" started-at="2025-07-30T22:16:13 IST" name="driverQuit" finished-at="2025-07-30T22:16:14 IST" duration-ms="560" status="PASS">
          <reporter-output>
          </reporter-output>
        </test-method> <!-- driverQuit -->
        <test-method is-config="true" signature="browserInitialization(java.lang.String)[pri:0, instance:testscript5.AdminusersUpdateTest@23202fce]" started-at="2025-07-30T22:16:14 IST" name="browserInitialization" finished-at="2025-07-30T22:16:18 IST" duration-ms="3658" status="PASS">
          <params>
            <param index="0">
              <value>
                <![CDATA[chrome]]>
              </value>
            </param>
          </params>
          <reporter-output>
          </reporter-output>
        </test-method> <!-- browserInitialization -->
        <test-method signature="validateadminusersupdatebuttonisVisible()[pri:0, instance:testscript5.AdminusersUpdateTest@23202fce]" started-at="2025-07-30T22:16:18 IST" name="validateadminusersupdatebuttonisVisible" finished-at="2025-07-30T22:16:22 IST" duration-ms="4815" status="PASS">
          <reporter-output>
          </reporter-output>
        </test-method> <!-- validateadminusersupdatebuttonisVisible -->
        <test-method is-config="true" signature="driverQuit()[pri:0, instance:testscript5.AdminusersUpdateTest@23202fce]" started-at="2025-07-30T22:16:22 IST" name="driverQuit" finished-at="2025-07-30T22:16:23 IST" duration-ms="499" status="PASS">
          <reporter-output>
          </reporter-output>
        </test-method> <!-- driverQuit -->
      </class> <!-- testscript5.AdminusersUpdateTest -->
    </test> <!-- Test -->
  </suite> <!-- Suite -->
</testng-results>
