<?xml version="1.0" encoding="UTF-8"?>
<testng-results retried="1" ignored="0" total="14" passed="13" failed="0" skipped="0">
  <reporter-output>
  </reporter-output>
  <suite started-at="2025-07-31T19:27:31 IST" name="Suite" finished-at="2025-07-31T19:29:54 IST" duration-ms="143285">
    <groups>
      <group name="regression">
        <method signature="LoginTest.validateuserisabletoLoginwithValidCredentials()[pri:0, instance:testscript5.LoginTest@4bc222e]" name="validateuserisabletoLoginwithValidCredentials" class="testscript5.LoginTest"/>
      </group> <!-- regression -->
    </groups>
    <test started-at="2025-07-31T19:27:31 IST" name="Test" finished-at="2025-07-31T19:29:54 IST" duration-ms="143285">
      <class name="testscript5.ManageCategoryTest">
        <test-method is-config="true" signature="browserInitialization(java.lang.String)[pri:0, instance:testscript5.ManageCategoryTest@37911f88]" started-at="2025-07-31T19:29:45 IST" name="browserInitialization" finished-at="2025-07-31T19:29:49 IST" duration-ms="3711" status="PASS">
          <params>
            <param index="0">
              <value>
                <![CDATA[chrome]]>
              </value>
            </param>
          </params>
          <reporter-output>
          </reporter-output>
        </test-method> <!-- browserInitialization -->
        <test-method signature="validatewhetheruserisabletoUpdateCategoryandUploadImage()[pri:0, instance:testscript5.ManageCategoryTest@37911f88]" started-at="2025-07-31T19:29:49 IST" name="validatewhetheruserisabletoUpdateCategoryandUploadImage" description="validate admin is able to update category and upload image file" finished-at="2025-07-31T19:29:53 IST" duration-ms="4431" status="PASS">
          <reporter-output>
          </reporter-output>
        </test-method> <!-- validatewhetheruserisabletoUpdateCategoryandUploadImage -->
        <test-method is-config="true" signature="driverQuit()[pri:0, instance:testscript5.ManageCategoryTest@37911f88]" started-at="2025-07-31T19:29:53 IST" name="driverQuit" finished-at="2025-07-31T19:29:54 IST" duration-ms="798" status="PASS">
          <reporter-output>
          </reporter-output>
        </test-method> <!-- driverQuit -->
      </class> <!-- testscript5.ManageCategoryTest -->
      <class name="testscript5.ManageFooterTextTest">
        <test-method is-config="true" signature="browserInitialization(java.lang.String)[pri:0, instance:testscript5.ManageFooterTextTest@560348e6]" started-at="2025-07-31T19:28:46 IST" name="browserInitialization" finished-at="2025-07-31T19:28:50 IST" duration-ms="3494" status="PASS">
          <params>
            <param index="0">
              <value>
                <![CDATA[chrome]]>
              </value>
            </param>
          </params>
          <reporter-output>
          </reporter-output>
        </test-method> <!-- browserInitialization -->
        <test-method signature="validateUpdateButtonisDisplayed()[pri:0, instance:testscript5.ManageFooterTextTest@560348e6]" started-at="2025-07-31T19:28:50 IST" name="validateUpdateButtonisDisplayed" description="validate user is able to view the update button" finished-at="2025-07-31T19:28:53 IST" duration-ms="3685" status="PASS">
          <reporter-output>
          </reporter-output>
        </test-method> <!-- validateUpdateButtonisDisplayed -->
        <test-method is-config="true" signature="driverQuit()[pri:0, instance:testscript5.ManageFooterTextTest@560348e6]" started-at="2025-07-31T19:28:53 IST" name="driverQuit" finished-at="2025-07-31T19:28:54 IST" duration-ms="881" status="PASS">
          <reporter-output>
          </reporter-output>
        </test-method> <!-- driverQuit -->
        <test-method is-config="true" signature="browserInitialization(java.lang.String)[pri:0, instance:testscript5.ManageFooterTextTest@560348e6]" started-at="2025-07-31T19:28:54 IST" name="browserInitialization" finished-at="2025-07-31T19:28:58 IST" duration-ms="4246" status="PASS">
          <params>
            <param index="0">
              <value>
                <![CDATA[chrome]]>
              </value>
            </param>
          </params>
          <reporter-output>
          </reporter-output>
        </test-method> <!-- browserInitialization -->
        <test-method signature="validateuserisabletoManageFooterText()[pri:0, instance:testscript5.ManageFooterTextTest@560348e6]" started-at="2025-07-31T19:28:58 IST" name="validateuserisabletoManageFooterText" description="validate user is able to manage footer text" finished-at="2025-07-31T19:29:05 IST" duration-ms="6069" status="PASS">
          <reporter-output>
          </reporter-output>
        </test-method> <!-- validateuserisabletoManageFooterText -->
        <test-method is-config="true" signature="driverQuit()[pri:0, instance:testscript5.ManageFooterTextTest@560348e6]" started-at="2025-07-31T19:29:05 IST" name="driverQuit" finished-at="2025-07-31T19:29:05 IST" duration-ms="729" status="PASS">
          <reporter-output>
          </reporter-output>
        </test-method> <!-- driverQuit -->
      </class> <!-- testscript5.ManageFooterTextTest -->
      <class name="testscript5.AdminusersTest">
        <test-method is-config="true" signature="browserInitialization(java.lang.String)[pri:0, instance:testscript5.AdminusersTest@609bcfb6]" started-at="2025-07-31T19:28:16 IST" name="browserInitialization" finished-at="2025-07-31T19:28:20 IST" duration-ms="4431" status="PASS">
          <params>
            <param index="0">
              <value>
                <![CDATA[chrome]]>
              </value>
            </param>
          </params>
          <reporter-output>
          </reporter-output>
        </test-method> <!-- browserInitialization -->
        <test-method retried="true" signature="validateuserisabletoaddAdmin()[pri:0, instance:testscript5.AdminusersTest@609bcfb6]" started-at="2025-07-31T19:28:20 IST" name="validateuserisabletoaddAdmin" description="Validate user is able to add an admin" finished-at="2025-07-31T19:28:27 IST" duration-ms="6984" status="SKIP">
          <exception class="org.openqa.selenium.NoSuchElementException">
            <message>
              <![CDATA[no such element: Unable to locate element: {"method":"xpath","selector":"//div[@class='alert alert-success alert-dismissible']"}
  (Session info: chrome=138.0.7204.169)
For documentation on this error, please visit: https://www.selenium.dev/documentation/webdriver/troubleshooting/errors#no-such-element-exception
Build info: version: '4.28.1', revision: '73f5ad48a2'
System info: os.name: 'Windows 10', os.arch: 'amd64', os.version: '10.0', java.version: '23.0.2'
Driver info: org.openqa.selenium.chrome.ChromeDriver
Command: [b1d4ff5d4c213454c0395a2a8c4cdf73, findElement {using=xpath, value=//div[@class='alert alert-success alert-dismissible']}]
Capabilities {acceptInsecureCerts: false, browserName: chrome, browserVersion: 138.0.7204.169, chrome: {chromedriverVersion: 138.0.7204.183 (e90faf484dd..., userDataDir: C:\Users\user\AppData\Local...}, fedcm:accounts: true, goog:chromeOptions: {debuggerAddress: localhost:59646}, networkConnectionEnabled: false, pageLoadStrategy: normal, platformName: windows, proxy: Proxy(), se:cdp: ws://localhost:59646/devtoo..., se:cdpVersion: 138.0.7204.169, setWindowRect: true, strictFileInteractability: false, timeouts: {implicit: 0, pageLoad: 300000, script: 30000}, unhandledPromptBehavior: dismiss and notify, webauthn:extension:credBlob: true, webauthn:extension:largeBlob: true, webauthn:extension:minPinLength: true, webauthn:extension:prf: true, webauthn:virtualAuthenticators: true}
Session ID: b1d4ff5d4c213454c0395a2a8c4cdf73]]>
            </message>
            <full-stacktrace>
              <![CDATA[org.openqa.selenium.NoSuchElementException: no such element: Unable to locate element: {"method":"xpath","selector":"//div[@class='alert alert-success alert-dismissible']"}
  (Session info: chrome=138.0.7204.169)
For documentation on this error, please visit: https://www.selenium.dev/documentation/webdriver/troubleshooting/errors#no-such-element-exception
Build info: version: '4.28.1', revision: '73f5ad48a2'
System info: os.name: 'Windows 10', os.arch: 'amd64', os.version: '10.0', java.version: '23.0.2'
Driver info: org.openqa.selenium.chrome.ChromeDriver
Command: [b1d4ff5d4c213454c0395a2a8c4cdf73, findElement {using=xpath, value=//div[@class='alert alert-success alert-dismissible']}]
Capabilities {acceptInsecureCerts: false, browserName: chrome, browserVersion: 138.0.7204.169, chrome: {chromedriverVersion: 138.0.7204.183 (e90faf484dd..., userDataDir: C:\Users\user\AppData\Local...}, fedcm:accounts: true, goog:chromeOptions: {debuggerAddress: localhost:59646}, networkConnectionEnabled: false, pageLoadStrategy: normal, platformName: windows, proxy: Proxy(), se:cdp: ws://localhost:59646/devtoo..., se:cdpVersion: 138.0.7204.169, setWindowRect: true, strictFileInteractability: false, timeouts: {implicit: 0, pageLoad: 300000, script: 30000}, unhandledPromptBehavior: dismiss and notify, webauthn:extension:credBlob: true, webauthn:extension:largeBlob: true, webauthn:extension:minPinLength: true, webauthn:extension:prf: true, webauthn:virtualAuthenticators: true}
Session ID: b1d4ff5d4c213454c0395a2a8c4cdf73
at java.base/jdk.internal.reflect.DirectConstructorHandleAccessor.newInstance(DirectConstructorHandleAccessor.java:62)
at java.base/java.lang.reflect.Constructor.newInstanceWithCaller(Constructor.java:501)
at java.base/java.lang.reflect.Constructor.newInstance(Constructor.java:485)
at org.openqa.selenium.remote.ErrorCodec.decode(ErrorCodec.java:167)
at org.openqa.selenium.remote.codec.w3c.W3CHttpResponseCodec.decode(W3CHttpResponseCodec.java:138)
at org.openqa.selenium.remote.codec.w3c.W3CHttpResponseCodec.decode(W3CHttpResponseCodec.java:50)
at org.openqa.selenium.remote.HttpCommandExecutor.execute(HttpCommandExecutor.java:215)
at org.openqa.selenium.remote.service.DriverCommandExecutor.invokeExecute(DriverCommandExecutor.java:216)
at org.openqa.selenium.remote.service.DriverCommandExecutor.execute(DriverCommandExecutor.java:174)
at org.openqa.selenium.remote.RemoteWebDriver.execute(RemoteWebDriver.java:545)
at org.openqa.selenium.remote.ElementLocation$ElementFinder$2.findElement(ElementLocation.java:165)
at org.openqa.selenium.remote.ElementLocation.findElement(ElementLocation.java:59)
at org.openqa.selenium.remote.RemoteWebDriver.findElement(RemoteWebDriver.java:368)
at org.openqa.selenium.remote.RemoteWebDriver.findElement(RemoteWebDriver.java:362)
at org.openqa.selenium.support.pagefactory.DefaultElementLocator.findElement(DefaultElementLocator.java:68)
at org.openqa.selenium.support.pagefactory.internal.LocatingElementHandler.invoke(LocatingElementHandler.java:38)
at jdk.proxy2/jdk.proxy2.$Proxy15.isDisplayed(Unknown Source)
at pages.AdminusersPage.isgreenalertDisplayed(AdminusersPage.java:60)
at testscript5.AdminusersTest.validateuserisabletoaddAdmin(AdminusersTest.java:35)
at java.base/jdk.internal.reflect.DirectMethodHandleAccessor.invoke(DirectMethodHandleAccessor.java:103)
at java.base/java.lang.reflect.Method.invoke(Method.java:580)
at org.testng.internal.invokers.MethodInvocationHelper.invokeMethod(MethodInvocationHelper.java:141)
at org.testng.internal.invokers.TestInvoker.invokeMethod(TestInvoker.java:687)
at org.testng.internal.invokers.TestInvoker.invokeTestMethod(TestInvoker.java:230)
at org.testng.internal.invokers.MethodRunner.runInSequence(MethodRunner.java:63)
at org.testng.internal.invokers.TestInvoker$MethodInvocationAgent.invoke(TestInvoker.java:995)
at org.testng.internal.invokers.TestInvoker.invokeTestMethods(TestInvoker.java:203)
at org.testng.internal.invokers.TestMethodWorker.invokeTestMethods(TestMethodWorker.java:154)
at org.testng.internal.invokers.TestMethodWorker.run(TestMethodWorker.java:134)
at java.base/java.util.ArrayList.forEach(ArrayList.java:1597)
at org.testng.TestRunner.privateRun(TestRunner.java:741)
at org.testng.TestRunner.run(TestRunner.java:616)
at org.testng.SuiteRunner.runTest(SuiteRunner.java:421)
at org.testng.SuiteRunner.runSequentially(SuiteRunner.java:413)
at org.testng.SuiteRunner.privateRun(SuiteRunner.java:373)
at org.testng.SuiteRunner.run(SuiteRunner.java:312)
at org.testng.SuiteRunnerWorker.runSuite(SuiteRunnerWorker.java:52)
at org.testng.SuiteRunnerWorker.run(SuiteRunnerWorker.java:95)
at org.testng.TestNG.runSuitesSequentially(TestNG.java:1274)
at org.testng.TestNG.runSuitesLocally(TestNG.java:1208)
at org.testng.TestNG.runSuites(TestNG.java:1112)
at org.testng.TestNG.run(TestNG.java:1079)
at org.testng.remote.AbstractRemoteTestNG.run(AbstractRemoteTestNG.java:115)
at org.testng.remote.RemoteTestNG.initAndRun(RemoteTestNG.java:293)
at org.testng.remote.RemoteTestNG.main(RemoteTestNG.java:91)
]]>
            </full-stacktrace>
          </exception> <!-- org.openqa.selenium.NoSuchElementException -->
          <reporter-output>
          </reporter-output>
        </test-method> <!-- validateuserisabletoaddAdmin -->
        <test-method is-config="true" signature="driverQuit()[pri:0, instance:testscript5.AdminusersTest@609bcfb6]" started-at="2025-07-31T19:28:27 IST" name="driverQuit" finished-at="2025-07-31T19:28:28 IST" duration-ms="816" status="PASS">
          <reporter-output>
          </reporter-output>
        </test-method> <!-- driverQuit -->
        <test-method is-config="true" signature="browserInitialization(java.lang.String)[pri:0, instance:testscript5.AdminusersTest@609bcfb6]" started-at="2025-07-31T19:28:28 IST" name="browserInitialization" finished-at="2025-07-31T19:28:33 IST" duration-ms="4334" status="PASS">
          <params>
            <param index="0">
              <value>
                <![CDATA[chrome]]>
              </value>
            </param>
          </params>
          <reporter-output>
          </reporter-output>
        </test-method> <!-- browserInitialization -->
        <test-method signature="validateuserisabletoaddAdmin()[pri:0, instance:testscript5.AdminusersTest@609bcfb6]" started-at="2025-07-31T19:28:33 IST" name="validateuserisabletoaddAdmin" description="Validate user is able to add an admin" finished-at="2025-07-31T19:28:38 IST" duration-ms="5567" status="PASS">
          <reporter-output>
          </reporter-output>
        </test-method> <!-- validateuserisabletoaddAdmin -->
        <test-method is-config="true" signature="driverQuit()[pri:0, instance:testscript5.AdminusersTest@609bcfb6]" started-at="2025-07-31T19:28:38 IST" name="driverQuit" finished-at="2025-07-31T19:28:39 IST" duration-ms="702" status="PASS">
          <reporter-output>
          </reporter-output>
        </test-method> <!-- driverQuit -->
      </class> <!-- testscript5.AdminusersTest -->
      <class name="testscript5.LoginTest">
        <test-method is-config="true" signature="browserInitialization(java.lang.String)[pri:0, instance:testscript5.LoginTest@4bc222e]" started-at="2025-07-31T19:27:31 IST" name="browserInitialization" finished-at="2025-07-31T19:27:40 IST" duration-ms="9641" status="PASS">
          <params>
            <param index="0">
              <value>
                <![CDATA[chrome]]>
              </value>
            </param>
          </params>
          <reporter-output>
          </reporter-output>
        </test-method> <!-- browserInitialization -->
        <test-method signature="validateuserisabletoLoginwithInvalidUsername()[pri:0, instance:testscript5.LoginTest@4bc222e]" started-at="2025-07-31T19:27:40 IST" name="validateuserisabletoLoginwithInvalidUsername" description="validate user is able to login with invalid username" finished-at="2025-07-31T19:27:44 IST" duration-ms="3829" status="PASS">
          <reporter-output>
          </reporter-output>
        </test-method> <!-- validateuserisabletoLoginwithInvalidUsername -->
        <test-method is-config="true" signature="driverQuit()[pri:0, instance:testscript5.LoginTest@4bc222e]" started-at="2025-07-31T19:27:44 IST" name="driverQuit" finished-at="2025-07-31T19:27:45 IST" duration-ms="804" status="PASS">
          <reporter-output>
          </reporter-output>
        </test-method> <!-- driverQuit -->
        <test-method is-config="true" signature="browserInitialization(java.lang.String)[pri:0, instance:testscript5.LoginTest@4bc222e]" started-at="2025-07-31T19:27:45 IST" name="browserInitialization" finished-at="2025-07-31T19:27:50 IST" duration-ms="4692" status="PASS">
          <params>
            <param index="0">
              <value>
                <![CDATA[chrome]]>
              </value>
            </param>
          </params>
          <reporter-output>
          </reporter-output>
        </test-method> <!-- browserInitialization -->
        <test-method signature="validateuserisabletoLoginwithValidCredentials()[pri:0, instance:testscript5.LoginTest@4bc222e]" started-at="2025-07-31T19:27:50 IST" name="validateuserisabletoLoginwithValidCredentials" description="validate user is able to login with valid credentials" finished-at="2025-07-31T19:27:52 IST" duration-ms="2271" status="PASS">
          <reporter-output>
          </reporter-output>
        </test-method> <!-- validateuserisabletoLoginwithValidCredentials -->
        <test-method is-config="true" signature="driverQuit()[pri:0, instance:testscript5.LoginTest@4bc222e]" started-at="2025-07-31T19:27:52 IST" name="driverQuit" finished-at="2025-07-31T19:27:54 IST" duration-ms="1517" status="PASS">
          <reporter-output>
          </reporter-output>
        </test-method> <!-- driverQuit -->
        <test-method is-config="true" signature="browserInitialization(java.lang.String)[pri:0, instance:testscript5.LoginTest@4bc222e]" started-at="2025-07-31T19:27:54 IST" name="browserInitialization" finished-at="2025-07-31T19:28:02 IST" duration-ms="8561" status="PASS">
          <params>
            <param index="0">
              <value>
                <![CDATA[chrome]]>
              </value>
            </param>
          </params>
          <reporter-output>
          </reporter-output>
        </test-method> <!-- browserInitialization -->
        <test-method signature="verifyuserisabletoLoginwithInvalidPassword()[pri:0, instance:testscript5.LoginTest@4bc222e]" started-at="2025-07-31T19:28:02 IST" name="verifyuserisabletoLoginwithInvalidPassword" description="validate user is able to login with invalid password" finished-at="2025-07-31T19:28:05 IST" duration-ms="2940" status="PASS">
          <reporter-output>
          </reporter-output>
        </test-method> <!-- verifyuserisabletoLoginwithInvalidPassword -->
        <test-method is-config="true" signature="driverQuit()[pri:0, instance:testscript5.LoginTest@4bc222e]" started-at="2025-07-31T19:28:05 IST" name="driverQuit" finished-at="2025-07-31T19:28:06 IST" duration-ms="690" status="PASS">
          <reporter-output>
          </reporter-output>
        </test-method> <!-- driverQuit -->
        <test-method is-config="true" signature="browserInitialization(java.lang.String)[pri:0, instance:testscript5.LoginTest@4bc222e]" started-at="2025-07-31T19:28:06 IST" name="browserInitialization" finished-at="2025-07-31T19:28:14 IST" duration-ms="7769" status="PASS">
          <params>
            <param index="0">
              <value>
                <![CDATA[chrome]]>
              </value>
            </param>
          </params>
          <reporter-output>
          </reporter-output>
        </test-method> <!-- browserInitialization -->
        <test-method signature="verifyuserisabletoLoginwithInvalidUsernameandInvalidPassword()[pri:0, instance:testscript5.LoginTest@4bc222e]" started-at="2025-07-31T19:28:14 IST" name="verifyuserisabletoLoginwithInvalidUsernameandInvalidPassword" description="validate user is able to login with invalid username and invalid password" finished-at="2025-07-31T19:28:15 IST" duration-ms="1592" status="PASS">
          <reporter-output>
          </reporter-output>
        </test-method> <!-- verifyuserisabletoLoginwithInvalidUsernameandInvalidPassword -->
        <test-method is-config="true" signature="driverQuit()[pri:0, instance:testscript5.LoginTest@4bc222e]" started-at="2025-07-31T19:28:15 IST" name="driverQuit" finished-at="2025-07-31T19:28:16 IST" duration-ms="833" status="PASS">
          <reporter-output>
          </reporter-output>
        </test-method> <!-- driverQuit -->
      </class> <!-- testscript5.LoginTest -->
      <class name="testscript5.AdminusersUpdateTest">
        <test-method is-config="true" signature="browserInitialization(java.lang.String)[pri:0, instance:testscript5.AdminusersUpdateTest@7b993c65]" started-at="2025-07-31T19:29:24 IST" name="browserInitialization" finished-at="2025-07-31T19:29:28 IST" duration-ms="4060" status="PASS">
          <params>
            <param index="0">
              <value>
                <![CDATA[chrome]]>
              </value>
            </param>
          </params>
          <reporter-output>
          </reporter-output>
        </test-method> <!-- browserInitialization -->
        <test-method signature="validateadminusersisabletoUpdate()[pri:0, instance:testscript5.AdminusersUpdateTest@7b993c65]" started-at="2025-07-31T19:29:28 IST" name="validateadminusersisabletoUpdate" description="validate whether user is able to update admin" finished-at="2025-07-31T19:29:35 IST" duration-ms="7507" status="PASS">
          <reporter-output>
          </reporter-output>
        </test-method> <!-- validateadminusersisabletoUpdate -->
        <test-method is-config="true" signature="driverQuit()[pri:0, instance:testscript5.AdminusersUpdateTest@7b993c65]" started-at="2025-07-31T19:29:35 IST" name="driverQuit" finished-at="2025-07-31T19:29:36 IST" duration-ms="769" status="PASS">
          <reporter-output>
          </reporter-output>
        </test-method> <!-- driverQuit -->
        <test-method is-config="true" signature="browserInitialization(java.lang.String)[pri:0, instance:testscript5.AdminusersUpdateTest@7b993c65]" started-at="2025-07-31T19:29:36 IST" name="browserInitialization" finished-at="2025-07-31T19:29:40 IST" duration-ms="3970" status="PASS">
          <params>
            <param index="0">
              <value>
                <![CDATA[chrome]]>
              </value>
            </param>
          </params>
          <reporter-output>
          </reporter-output>
        </test-method> <!-- browserInitialization -->
        <test-method signature="validateadminusersupdatebuttonisVisible()[pri:0, instance:testscript5.AdminusersUpdateTest@7b993c65]" started-at="2025-07-31T19:29:40 IST" name="validateadminusersupdatebuttonisVisible" description="validate whether the admin update button is visible" finished-at="2025-07-31T19:29:45 IST" duration-ms="4621" status="PASS">
          <reporter-output>
          </reporter-output>
        </test-method> <!-- validateadminusersupdatebuttonisVisible -->
        <test-method is-config="true" signature="driverQuit()[pri:0, instance:testscript5.AdminusersUpdateTest@7b993c65]" started-at="2025-07-31T19:29:45 IST" name="driverQuit" finished-at="2025-07-31T19:29:45 IST" duration-ms="495" status="PASS">
          <reporter-output>
          </reporter-output>
        </test-method> <!-- driverQuit -->
      </class> <!-- testscript5.AdminusersUpdateTest -->
      <class name="testscript5.LogoutTest">
        <test-method is-config="true" signature="browserInitialization(java.lang.String)[pri:0, instance:testscript5.LogoutTest@7d94beb9]" started-at="2025-07-31T19:28:39 IST" name="browserInitialization" finished-at="2025-07-31T19:28:43 IST" duration-ms="3866" status="PASS">
          <params>
            <param index="0">
              <value>
                <![CDATA[chrome]]>
              </value>
            </param>
          </params>
          <reporter-output>
          </reporter-output>
        </test-method> <!-- browserInitialization -->
        <test-method signature="validateadminisAbleToLogout()[pri:0, instance:testscript5.LogoutTest@7d94beb9]" started-at="2025-07-31T19:28:43 IST" name="validateadminisAbleToLogout" description="validate admin is able to logout" finished-at="2025-07-31T19:28:46 IST" duration-ms="2851" status="PASS">
          <reporter-output>
          </reporter-output>
        </test-method> <!-- validateadminisAbleToLogout -->
        <test-method is-config="true" signature="driverQuit()[pri:0, instance:testscript5.LogoutTest@7d94beb9]" started-at="2025-07-31T19:28:46 IST" name="driverQuit" finished-at="2025-07-31T19:28:46 IST" duration-ms="510" status="PASS">
          <reporter-output>
          </reporter-output>
        </test-method> <!-- driverQuit -->
      </class> <!-- testscript5.LogoutTest -->
      <class name="testscript5.ManageContactTest">
        <test-method is-config="true" signature="browserInitialization(java.lang.String)[pri:0, instance:testscript5.ManageContactTest@1df8b5b8]" started-at="2025-07-31T19:29:05 IST" name="browserInitialization" finished-at="2025-07-31T19:29:09 IST" duration-ms="3609" status="PASS">
          <params>
            <param index="0">
              <value>
                <![CDATA[chrome]]>
              </value>
            </param>
          </params>
          <reporter-output>
          </reporter-output>
        </test-method> <!-- browserInitialization -->
        <test-method signature="validateadminisabletoUpdateManageContact()[pri:0, instance:testscript5.ManageContactTest@1df8b5b8]" started-at="2025-07-31T19:29:09 IST" name="validateadminisabletoUpdateManageContact" description="validate admin is able to update manage contact page" finished-at="2025-07-31T19:29:14 IST" duration-ms="4800" status="PASS">
          <reporter-output>
          </reporter-output>
        </test-method> <!-- validateadminisabletoUpdateManageContact -->
        <test-method is-config="true" signature="driverQuit()[pri:0, instance:testscript5.ManageContactTest@1df8b5b8]" started-at="2025-07-31T19:29:14 IST" name="driverQuit" finished-at="2025-07-31T19:29:14 IST" duration-ms="615" status="PASS">
          <reporter-output>
          </reporter-output>
        </test-method> <!-- driverQuit -->
      </class> <!-- testscript5.ManageContactTest -->
      <class name="testscript5.ManageNewsTest">
        <test-method is-config="true" signature="browserInitialization(java.lang.String)[pri:0, instance:testscript5.ManageNewsTest@23202fce]" started-at="2025-07-31T19:29:14 IST" name="browserInitialization" finished-at="2025-07-31T19:29:18 IST" duration-ms="3978" status="PASS">
          <params>
            <param index="0">
              <value>
                <![CDATA[chrome]]>
              </value>
            </param>
          </params>
          <reporter-output>
          </reporter-output>
        </test-method> <!-- browserInitialization -->
        <test-method signature="manageNewsEntry()[pri:0, instance:testscript5.ManageNewsTest@23202fce]" started-at="2025-07-31T19:29:18 IST" name="manageNewsEntry" description="validate whether user is able to add news in manage news page" finished-at="2025-07-31T19:29:23 IST" duration-ms="4663" status="PASS">
          <reporter-output>
          </reporter-output>
        </test-method> <!-- manageNewsEntry -->
        <test-method is-config="true" signature="driverQuit()[pri:0, instance:testscript5.ManageNewsTest@23202fce]" started-at="2025-07-31T19:29:23 IST" name="driverQuit" finished-at="2025-07-31T19:29:24 IST" duration-ms="716" status="PASS">
          <reporter-output>
          </reporter-output>
        </test-method> <!-- driverQuit -->
      </class> <!-- testscript5.ManageNewsTest -->
    </test> <!-- Test -->
  </suite> <!-- Suite -->
</testng-results>
