<?xml version="1.0" encoding="UTF-8"?>
<!-- Generated by org.testng.reporters.JUnitXMLReporter -->
<testsuite ignored="1" hostname="DESKTOP-R8CT5U1" failures="0" tests="7" name="Test" time="70.739" errors="0" timestamp="2025-07-30T22:30:26 IST">
  <testcase classname="testscript5.AdminusersTest" name="validateuserisabletoaddAdmin" time="14.533">
    <skipped/>
  </testcase> <!-- validateuserisabletoaddAdmin -->
  <testcase classname="testscript5.AdminusersTest" name="validateuserisabletoaddAdmin" time="6.484"/>
  <testcase classname="testscript5.LoginTest" name="validateuserisabletologinwithInvalidUsername" time="1.377"/>
  <testcase classname="testscript5.LoginTest" name="validateuserisabletologinwithvalidCredentials" time="1.611"/>
  <testcase classname="testscript5.LoginTest" name="verifyuserisabletologinwithInvalidPassword" time="1.201"/>
  <testcase classname="testscript5.LoginTest" name="verifyuserisabletologinwithInvalidUsernameandInvalidPassword" time="1.092"/>
  <testcase classname="testscript5.LogoutTest" name="validateadminisabletologout" time="2.396"/>
  <testcase classname="testscript5.ManageCategoryTest" name="validatewhetheruserisabletoupdatecategoryanduploadImage" time="0.0">
    <ignored/>
  </testcase> <!-- validatewhetheruserisabletoupdatecategoryanduploadImage -->
</testsuite> <!-- Test -->
