<?xml version="1.0" encoding="UTF-8"?>
<!-- Generated by org.testng.reporters.JUnitXMLReporter -->
<testsuite ignored="1" hostname="DESKTOP-R8CT5U1" failures="0" tests="7" name="Test" time="61.518" errors="0" timestamp="2025-07-30T22:16:23 IST">
  <testcase classname="testscript5.AdminusersTest" name="validateuserisabletoaddAdmin" time="9.002"/>
  <testcase classname="testscript5.LoginTest" name="validateuserisabletologinwithInvalidUsername" time="1.207"/>
  <testcase classname="testscript5.LoginTest" name="validateuserisabletologinwithvalidCredentials" time="1.861"/>
  <testcase classname="testscript5.LoginTest" name="verifyuserisabletologinwithInvalidPassword" time="1.217"/>
  <testcase classname="testscript5.LoginTest" name="verifyuserisabletologinwithInvalidUsernameandInvalidPassword" time="1.182"/>
  <testcase classname="testscript5.AdminusersUpdateTest" name="validateadminusersisabletoUpdate" time="6.61"/>
  <testcase classname="testscript5.AdminusersUpdateTest" name="validateadminusersupdatebuttonisVisible" time="4.815"/>
  <testcase classname="testscript5.ManageCategoryTest" name="validatewhetheruserisabletoupdatecategoryanduploadImage" time="0.0">
    <ignored/>
  </testcase> <!-- validatewhetheruserisabletoupdatecategoryanduploadImage -->
</testsuite> <!-- Test -->
