<?xml version="1.0" encoding="UTF-8"?>
<!-- Generated by org.testng.reporters.JUnitXMLReporter -->
<testsuite ignored="1" hostname="DESKTOP-R8CT5U1" failures="0" tests="2" name="Test" time="34.052" errors="0" timestamp="2025-07-30T21:46:03 IST">
  <testcase classname="testscript5.AdminusersUpdateTest" name="validateadminusersisabletoUpdate" time="8.996"/>
  <testcase classname="testscript5.AdminusersUpdateTest" name="validateadminusersupdatebuttonisVisible" time="5.464"/>
  <testcase classname="testscript5.ManageCategoryTest" name="validatewhetheruserisabletoupdatecategoryanduploadImage" time="0.0">
    <ignored/>
  </testcase> <!-- validatewhetheruserisabletoupdatecategoryanduploadImage -->
</testsuite> <!-- Test -->
